<?xml version="1.0" encoding="UTF-8"?><testsuite errors="0" failures="1" name="Automatización de apis" skipped="0" tests="9" time="14.01" timestamp="2023-01-19 07:56:44"><testcase name="Crear Token estático correctamente"/><testcase name="Obtener libros correctamente"/><testcase name="Obtener libros por un id especifico correctamente"/><testcase name="Crear una libreria correctamente"/><testcase name="Actualizar un libro correctamente con token actualizado"><failure message="El código de respuesta, no es el adecuado." type="java.lang.AssertionError">El código de respuesta, no es el adecuado.</failure><system-err>El código de respuesta, no es el adecuado.
com.bdd.api.stepdefinition.EjemplosAutomatizacionApiStepDefinition.validoQueElCodigoDeRespuestaSea(EjemplosAutomatizacionApiStepDefinition.java:40)
✽.valido que el codigo de respuesta sea "200"(src/test/resources/features/EjemplosAutomatizacionApi.feature:167)
</system-err></testcase><testcase name="Actualizar un libro correctamente"/><testcase name="Actualiza una reserva actual con una carga útil parcial correctamente"/><testcase name="Eliminar un libro correctamente"/><testcase name="Eliminar un libro previamente eliminado correctamente"/></testsuite>