<?xml version="1.0" encoding="UTF-8" standalone="no"?><testsuite errors="0" failures="2" name="Automatización de apis" skipped="0" tests="9" time="30.63" timestamp="2023-01-22 11:58:19"><testcase name="Crear Token estático correctamente"/><testcase name="Obtener libros correctamente"/><testcase name="Obtener libros por un id especifico correctamente"/><testcase name="Crear una libreria correctamente"/><testcase name="Actualizar un libro correctamente con token actualizado"><failure message="El código de respuesta, no es el adecuado." type="java.lang.AssertionError">El código de respuesta, no es el adecuado.</failure><system-err>El código de respuesta, no es el adecuado.
com.bdd.api.stepdefinition.ApiStepDefinition.validoQueElCodigoDeRespuestaSea(ApiStepDefinition.java:47)
✽.valido que el codigo de respuesta sea "200"(file:///home/jahirmedinacs/Documents/repos/Work/YAPE-technical-interview/src/test/resources/features/Restful-BookerAPI.feature:158)
</system-err></testcase><testcase name="Actualizar un libro correctamente"/><testcase name="Actualiza una reserva actual con una carga útil parcial correctamente"/><testcase name="Eliminar un libro correctamente"><failure message="El código de respuesta, no es el adecuado." type="java.lang.AssertionError">El código de respuesta, no es el adecuado.</failure><system-err>El código de respuesta, no es el adecuado.
com.bdd.api.stepdefinition.ApiStepDefinition.validoQueElCodigoDeRespuestaSea(ApiStepDefinition.java:47)
✽.valido que el codigo de respuesta sea "201"(file:///home/jahirmedinacs/Documents/repos/Work/YAPE-technical-interview/src/test/resources/features/Restful-BookerAPI.feature:223)
</system-err></testcase><testcase name="Eliminar un libro previamente eliminado correctamente"/></testsuite>